<?xml version="1.0" encoding="UTF-8"?>
<testng-results ignored="0" total="2" passed="2" failed="0" skipped="0">
  <reporter-output>
  </reporter-output>
  <suite started-at="2021-12-21T12:52:04 CET" name="TestAll" finished-at="2021-12-21T12:52:32 CET" duration-ms="28069">
    <groups>
    </groups>
    <test started-at="2021-12-21T12:52:04 CET" name="CreateAccount" finished-at="2021-12-21T12:52:20 CET" duration-ms="15667">
      <class name="Tests.CreateAccountTest">
        <test-method is-config="true" signature="setUp()[pri:0, instance:Tests.CreateAccountTest@2a4fb17b]" started-at="2021-12-21T12:52:04 CET" name="setUp" finished-at="2021-12-21T12:52:11 CET" duration-ms="6297" status="PASS">
          <reporter-output>
          </reporter-output>
        </test-method> <!-- setUp -->
        <test-method is-config="true" signature="logger()[pri:0, instance:Tests.CreateAccountTest@2a4fb17b]" started-at="2021-12-21T12:52:04 CET" name="logger" finished-at="2021-12-21T12:52:04 CET" duration-ms="0" status="PASS">
          <reporter-output>
          </reporter-output>
        </test-method> <!-- logger -->
        <test-method is-config="true" signature="checkIfResourceLimitIsReached()[pri:0, instance:Tests.CreateAccountTest@2a4fb17b]" started-at="2021-12-21T12:52:11 CET" name="checkIfResourceLimitIsReached" finished-at="2021-12-21T12:52:11 CET" duration-ms="9" status="PASS">
          <reporter-output>
          </reporter-output>
        </test-method> <!-- checkIfResourceLimitIsReached -->
        <test-method signature="createAccount()[pri:0, instance:Tests.CreateAccountTest@2a4fb17b]" started-at="2021-12-21T12:52:11 CET" name="createAccount" finished-at="2021-12-21T12:52:20 CET" duration-ms="9230" status="PASS">
          <reporter-output>
          </reporter-output>
        </test-method> <!-- createAccount -->
        <test-method is-config="true" signature="checkIfResourceLimitIsReached()[pri:0, instance:Tests.CreateAccountTest@2a4fb17b]" started-at="2021-12-21T12:52:20 CET" name="checkIfResourceLimitIsReached" finished-at="2021-12-21T12:52:20 CET" duration-ms="7" status="PASS">
          <reporter-output>
          </reporter-output>
        </test-method> <!-- checkIfResourceLimitIsReached -->
        <test-method is-config="true" signature="closeBrowser()[pri:0, instance:Tests.CreateAccountTest@2a4fb17b]" started-at="2021-12-21T12:52:20 CET" name="closeBrowser" finished-at="2021-12-21T12:52:20 CET" duration-ms="123" status="PASS">
          <reporter-output>
          </reporter-output>
        </test-method> <!-- closeBrowser -->
      </class> <!-- Tests.CreateAccountTest -->
    </test> <!-- CreateAccount -->
    <test started-at="2021-12-21T12:52:04 CET" name="EndToEndOrder" finished-at="2021-12-21T12:52:32 CET" duration-ms="28069">
      <class name="Tests.EndToEndOrderTest">
        <test-method is-config="true" signature="logger()[pri:0, instance:Tests.EndToEndOrderTest@128d2484]" started-at="2021-12-21T12:52:04 CET" name="logger" finished-at="2021-12-21T12:52:04 CET" duration-ms="0" status="PASS">
          <reporter-output>
          </reporter-output>
        </test-method> <!-- logger -->
        <test-method is-config="true" signature="setUp()[pri:0, instance:Tests.EndToEndOrderTest@128d2484]" started-at="2021-12-21T12:52:04 CET" name="setUp" finished-at="2021-12-21T12:52:11 CET" duration-ms="6342" status="PASS">
          <reporter-output>
          </reporter-output>
        </test-method> <!-- setUp -->
        <test-method is-config="true" signature="checkIfResourceLimitIsReached()[pri:0, instance:Tests.EndToEndOrderTest@128d2484]" started-at="2021-12-21T12:52:11 CET" name="checkIfResourceLimitIsReached" finished-at="2021-12-21T12:52:11 CET" duration-ms="13" status="PASS">
          <reporter-output>
          </reporter-output>
        </test-method> <!-- checkIfResourceLimitIsReached -->
        <test-method signature="orderProductsAndPay()[pri:0, instance:Tests.EndToEndOrderTest@128d2484]" started-at="2021-12-21T12:52:11 CET" name="orderProductsAndPay" finished-at="2021-12-21T12:52:32 CET" duration-ms="21569" status="PASS">
          <reporter-output>
          </reporter-output>
        </test-method> <!-- orderProductsAndPay -->
        <test-method is-config="true" signature="checkIfResourceLimitIsReached()[pri:0, instance:Tests.EndToEndOrderTest@128d2484]" started-at="2021-12-21T12:52:32 CET" name="checkIfResourceLimitIsReached" finished-at="2021-12-21T12:52:32 CET" duration-ms="8" status="PASS">
          <reporter-output>
          </reporter-output>
        </test-method> <!-- checkIfResourceLimitIsReached -->
        <test-method is-config="true" signature="closeBrowser()[pri:0, instance:Tests.EndToEndOrderTest@128d2484]" started-at="2021-12-21T12:52:32 CET" name="closeBrowser" finished-at="2021-12-21T12:52:32 CET" duration-ms="137" status="PASS">
          <reporter-output>
          </reporter-output>
        </test-method> <!-- closeBrowser -->
      </class> <!-- Tests.EndToEndOrderTest -->
    </test> <!-- EndToEndOrder -->
  </suite> <!-- TestAll -->
</testng-results>
